<?xml version="1.0" encoding="UTF-8"?>
<!-- Generated by org.testng.reporters.JUnitReportReporter -->
<testsuite hostname="192.168.1.19" failures="0" tests="1" name="com.proyecto_selenium_testng.IndexTest" time="2.085" errors="0" timestamp="2021-01-14T22:55:59 ART" skipped="0">
  <testcase classname="com.proyecto_selenium_testng.IndexTest" name="searchBlouses" time="2.085"/>
  <system-out/>
</testsuite> <!-- com.proyecto_selenium_testng.IndexTest -->
